MPASM  5.51                          13_4.ASM   5-13-2022  9:42:26         PAGE  1


LOC  OBJECT CODE     LINE SOURCE TEXT
  VALUE

Warning[205]: Found directive in column 1. (include)
                      00001 include <p16f84.inc>
                      00001         LIST
                      00002 
                      00003 ;==========================================================================
                      00004 ;  MPASM PIC16F84 processor include
                      00005 ; 
                      00006 ;  (c) Copyright 1999-2013 Microchip Technology, All rights reserved
                      00007 ;==========================================================================
                      00008 
                      00206         LIST
                      00002 
                      00003 ;настройка
Warning[203]: Found opcode in column 1. (bsf)
0000   1683           00004 bsf     STATUS,RP0
Warning[203]: Found opcode in column 1. (movlw)
0001   3000           00005 movlw   b'00000000'
Warning[203]: Found opcode in column 1. (movwf)
Message[302]: Register in operand not in bank 0.  Ensure that bank bits are correct.
0002   0085           00006 movwf   TRISA
Warning[203]: Found opcode in column 1. (movlw)
0003   30E0           00007 movlw   b'11100000'
Warning[203]: Found opcode in column 1. (movwf)
Message[302]: Register in operand not in bank 0.  Ensure that bank bits are correct.
0004   0086           00008 movwf   TRISB
Warning[203]: Found opcode in column 1. (bcf)
0005   1283           00009 bcf     STATUS,RP0
                      00010 
                      00011 ;индикация нуля
Warning[203]: Found opcode in column 1. (movlw)
0006   3000           00012 movlw   .0
Warning[203]: Found opcode in column 1. (call)
0007   203D           00013 call base
                      00014 
                      00015 ;сканирование первой строки(RB2)
0008                  00016 cycl
Warning[203]: Found opcode in column 1. (call)
0008   204C           00017 call    pause
Warning[203]: Found opcode in column 1. (movlw)
0009   30FB           00018 movlw   b'11111011'
Warning[203]: Found opcode in column 1. (movwf)
000A   0086           00019 movwf   PORTB
                      00020         ;проверка первого столбца(RB5)
000B   1A86           00021         btfsc   PORTB,5
000C   280F           00022         goto    next1
000D   3007           00023         movlw   .7
000E   203D           00024         call base
                      00025         ;проверка второго столбца(RB6)
Warning[207]: Found label after column 1. (next1)
000F                  00026         next1
000F   1B06           00027         btfsc   PORTB,6
0010   2813           00028         goto    next2
0011   3008           00029         movlw   .8
MPASM  5.51                          13_4.ASM   5-13-2022  9:42:26         PAGE  2


LOC  OBJECT CODE     LINE SOURCE TEXT
  VALUE

0012   203D           00030         call base
                      00031         ;проверка третьего столбца(RB7)
Warning[207]: Found label after column 1. (next2)
0013                  00032         next2
0013   1B86           00033         btfsc   PORTB,7
0014   2817           00034         goto    next3
0015   3009           00035         movlw   .9
0016   203D           00036         call base
                      00037 
                      00038 ;сканирование второй строки(RB3)
0017                  00039 next3
Warning[203]: Found opcode in column 1. (call)
0017   204C           00040 call    pause
Warning[203]: Found opcode in column 1. (movlw)
0018   30F7           00041 movlw   b'11110111'
Warning[203]: Found opcode in column 1. (movwf)
0019   0086           00042 movwf   PORTB
                      00043         ;проверка первого столбца(RB5)
001A   1A86           00044         btfsc   PORTB,5
001B   281E           00045         goto    next4
001C   3004           00046         movlw   .4
001D   203D           00047         call base
                      00048         ;проверка второго столбца(RB6)
Warning[207]: Found label after column 1. (next4)
001E                  00049         next4
001E   1B06           00050         btfsc   PORTB,6
001F   2822           00051         goto    next5
0020   3005           00052         movlw   .5
0021   203D           00053         call base
                      00054         ;проверка третьего столбца(RB7)
Warning[207]: Found label after column 1. (next5)
0022                  00055         next5
0022   1B86           00056         btfsc   PORTB,7
0023   2826           00057         goto    next6
0024   3006           00058         movlw   .6
0025   203D           00059         call base
                      00060 
                      00061 ;сканирование третьей строки(RB4)
0026                  00062 next6
Warning[203]: Found opcode in column 1. (call)
0026   204C           00063 call    pause
Warning[203]: Found opcode in column 1. (movlw)
0027   30EF           00064 movlw   b'11101111'
Warning[203]: Found opcode in column 1. (movwf)
0028   0086           00065 movwf   PORTB
                      00066         ;проверка первого столбца(RB5)
0029   1A86           00067         btfsc   PORTB,5
002A   282D           00068         goto    next7
002B   3001           00069         movlw   .1
002C   203D           00070         call base
                      00071         ;проверка второго столбца(RB6)
Warning[207]: Found label after column 1. (next7)
002D                  00072         next7
MPASM  5.51                          13_4.ASM   5-13-2022  9:42:26         PAGE  3


LOC  OBJECT CODE     LINE SOURCE TEXT
  VALUE

002D   1B06           00073         btfsc   PORTB,6
002E   2831           00074         goto    next8
002F   3002           00075         movlw   .2
0030   203D           00076         call base
                      00077         ;проверка третьего столбца(RB7)
Warning[207]: Found label after column 1. (next8)
0031                  00078         next8
0031   1B86           00079         btfsc   PORTB,7
0032   2835           00080         goto    next0
0033   3003           00081         movlw   .3
0034   203D           00082         call base
                      00083         
                      00084 ;сканирование четвертой строки(RB1)
0035                  00085 next0
Warning[203]: Found opcode in column 1. (call)
0035   204C           00086 call    pause
Warning[203]: Found opcode in column 1. (movlw)
0036   30FD           00087 movlw   b'11111101'
Warning[203]: Found opcode in column 1. (movwf)
0037   0086           00088 movwf   PORTB
                      00089         ;проверка второго столбца(RB6)
0038   1B06           00090         btfsc   PORTB,6
0039   2808           00091         goto    cycl
003A   3000           00092         movlw   .0
003B   203D           00093         call base
Warning[203]: Found opcode in column 1. (goto)
003C   2808           00094 goto    cycl
                      00095 
003D                  00096 base
Warning[203]: Found opcode in column 1. (call)
003D   2040           00097 call    ledtable
Warning[203]: Found opcode in column 1. (movwf)
003E   0085           00098 movwf PORTA
Warning[203]: Found opcode in column 1. (return)
003F   0008           00099 return
                      00100 
0040                  00101 ledtable
Warning[203]: Found opcode in column 1. (addwf)
Message[305]: Using default destination of 1 (file).
0040   0782           00102 addwf   PCL
Warning[203]: Found opcode in column 1. (retlw)
0041   3400           00103 retlw   b'00000000'
Warning[203]: Found opcode in column 1. (retlw)
0042   3401           00104 retlw   b'00000001'
Warning[203]: Found opcode in column 1. (retlw)
0043   3402           00105 retlw   b'00000010'
Warning[203]: Found opcode in column 1. (retlw)
0044   3403           00106 retlw   b'00000011'
Warning[203]: Found opcode in column 1. (retlw)
0045   3404           00107 retlw   b'00000100'
Warning[203]: Found opcode in column 1. (retlw)
0046   3405           00108 retlw   b'00000101'
Warning[203]: Found opcode in column 1. (retlw)
MPASM  5.51                          13_4.ASM   5-13-2022  9:42:26         PAGE  4


LOC  OBJECT CODE     LINE SOURCE TEXT
  VALUE

0047   3406           00109 retlw   b'00000110'
Warning[203]: Found opcode in column 1. (retlw)
0048   3407           00110 retlw   b'00000111'
Warning[203]: Found opcode in column 1. (retlw)
0049   3408           00111 retlw   b'00001000'
Warning[203]: Found opcode in column 1. (retlw)
004A   3409           00112 retlw   b'00001001'
Warning[203]: Found opcode in column 1. (return)
004B   0008           00113 return
                      00114 
                      00115 ;пауза
004C                  00116 pause
Warning[203]: Found opcode in column 1. (movlw)
004C   3005           00117 movlw   .5
Warning[203]: Found opcode in column 1. (movwf)
004D   00A0           00118 movwf   0x20
004E                  00119 a2
Warning[203]: Found opcode in column 1. (movlw)
004E   30D9           00120 movlw   .217
Warning[203]: Found opcode in column 1. (movwf)
004F   0081           00121 movwf   TMR0
Warning[203]: Found opcode in column 1. (movlw)
0050   3006           00122 movlw   b'00000110'
Warning[203]: Found opcode in column 1. (bsf)
0051   1683           00123 bsf     STATUS,RP0
Warning[203]: Found opcode in column 1. (movwf)
Message[302]: Register in operand not in bank 0.  Ensure that bank bits are correct.
0052   0081           00124 movwf   OPTION_REG
0053                  00125 a
Warning[203]: Found opcode in column 1. (btfss)
0053   1D0B           00126 btfss   INTCON,T0IF
Warning[203]: Found opcode in column 1. (goto)
0054   2853           00127 goto    a
Warning[203]: Found opcode in column 1. (bcf)
0055   110B           00128 bcf     INTCON,T0IF
Warning[203]: Found opcode in column 1. (bcf)
0056   1283           00129 bcf     STATUS,RP0
Warning[203]: Found opcode in column 1. (decfsz)
Message[305]: Using default destination of 1 (file).
0057   0BA0           00130 decfsz  0x20
Warning[203]: Found opcode in column 1. (goto)
0058   284E           00131 goto    a2
Warning[203]: Found opcode in column 1. (return)
0059   0008           00132 return
                      00133 
Warning[205]: Found directive in column 1. (end)
                      00134 end
MPASM  5.51                          13_4.ASM   5-13-2022  9:42:26         PAGE  5


SYMBOL TABLE
  LABEL                             VALUE 

C                                 00000000
DC                                00000001
EEADR                             00000009
EECON1                            00000088
EECON2                            00000089
EEDATA                            00000008
EEIE                              00000006
EEIF                              00000004
F                                 00000001
FSR                               00000004
GIE                               00000007
INDF                              00000000
INTCON                            0000000B
INTE                              00000004
INTEDG                            00000006
INTF                              00000001
IRP                               00000007
NOT_PD                            00000003
NOT_RBPU                          00000007
NOT_TO                            00000004
OPTION_REG                        00000081
PCL                               00000002
PCLATH                            0000000A
PORTA                             00000005
PORTB                             00000006
PS0                               00000000
PS1                               00000001
PS2                               00000002
PSA                               00000003
RA0                               00000000
RA1                               00000001
RA2                               00000002
RA3                               00000003
RA4                               00000004
RB0                               00000000
RB1                               00000001
RB2                               00000002
RB3                               00000003
RB4                               00000004
RB5                               00000005
RB6                               00000006
RB7                               00000007
RBIE                              00000003
RBIF                              00000000
RD                                00000000
RP0                               00000005
RP1                               00000006
STATUS                            00000003
T0CS                              00000005
T0IE                              00000005
T0IF                              00000002
T0SE                              00000004
TMR0                              00000001
MPASM  5.51                          13_4.ASM   5-13-2022  9:42:26         PAGE  6


SYMBOL TABLE
  LABEL                             VALUE 

TMR0IE                            00000005
TMR0IF                            00000002
TRISA                             00000085
TRISA0                            00000000
TRISA1                            00000001
TRISA2                            00000002
TRISA3                            00000003
TRISA4                            00000004
TRISB                             00000086
TRISB0                            00000000
TRISB1                            00000001
TRISB2                            00000002
TRISB3                            00000003
TRISB4                            00000004
TRISB5                            00000005
TRISB6                            00000006
TRISB7                            00000007
W                                 00000000
WR                                00000001
WREN                              00000002
WRERR                             00000003
Z                                 00000002
_CONFIG                           00002007
_CP_OFF                           00003FFF
_CP_ON                            0000000F
_FOSC_EXTRC                       00003FFF
_FOSC_HS                          00003FFE
_FOSC_LP                          00003FFC
_FOSC_XT                          00003FFD
_HS_OSC                           00003FFE
_IDLOC0                           00002000
_IDLOC1                           00002001
_IDLOC2                           00002002
_IDLOC3                           00002003
_LP_OSC                           00003FFC
_PWRTE_OFF                        00003FFF
_PWRTE_ON                         00003FF7
_RC_OSC                           00003FFF
_WDTE_OFF                         00003FFB
_WDTE_ON                          00003FFF
_WDT_OFF                          00003FFB
_WDT_ON                           00003FFF
_XT_OSC                           00003FFD
__16F84                           00000001
__DEBUG                           1
a                                 00000053
a2                                0000004E
base                              0000003D
cycl                              00000008
ledtable                          00000040
next0                             00000035
next1                             0000000F
next2                             00000013
MPASM  5.51                          13_4.ASM   5-13-2022  9:42:26         PAGE  7


SYMBOL TABLE
  LABEL                             VALUE 

next3                             00000017
next4                             0000001E
next5                             00000022
next6                             00000026
next7                             0000002D
next8                             00000031
pause                             0000004C


MEMORY USAGE MAP ('X' = Used,  '-' = Unused)

0000 : XXXXXXXXXXXXXXXX XXXXXXXXXXXXXXXX XXXXXXXXXXXXXXXX XXXXXXXXXXXXXXXX
0040 : XXXXXXXXXXXXXXXX XXXXXXXXXX------ ---------------- ----------------

All other memory blocks unused.

Program Memory Words Used:    90
Program Memory Words Free:   934


Errors   :     0
Warnings :    58 reported,     0 suppressed
Messages :     5 reported,     0 suppressed

