Warning[205] Z:\PROJECTS\ASMPROJECTS\13_4\13_4.ASM 1 : Found directive in column 1. (include)
Warning[203] Z:\PROJECTS\ASMPROJECTS\13_4\13_4.ASM 4 : Found opcode in column 1. (bsf)
Warning[203] Z:\PROJECTS\ASMPROJECTS\13_4\13_4.ASM 5 : Found opcode in column 1. (movlw)
Warning[203] Z:\PROJECTS\ASMPROJECTS\13_4\13_4.ASM 6 : Found opcode in column 1. (movwf)
Message[302] Z:\PROJECTS\ASMPROJECTS\13_4\13_4.ASM 6 : Register in operand not in bank 0.  Ensure that bank bits are correct.
Warning[203] Z:\PROJECTS\ASMPROJECTS\13_4\13_4.ASM 7 : Found opcode in column 1. (movlw)
Warning[203] Z:\PROJECTS\ASMPROJECTS\13_4\13_4.ASM 8 : Found opcode in column 1. (movwf)
Message[302] Z:\PROJECTS\ASMPROJECTS\13_4\13_4.ASM 8 : Register in operand not in bank 0.  Ensure that bank bits are correct.
Warning[203] Z:\PROJECTS\ASMPROJECTS\13_4\13_4.ASM 9 : Found opcode in column 1. (bcf)
Warning[203] Z:\PROJECTS\ASMPROJECTS\13_4\13_4.ASM 12 : Found opcode in column 1. (movlw)
Warning[203] Z:\PROJECTS\ASMPROJECTS\13_4\13_4.ASM 13 : Found opcode in column 1. (call)
Warning[203] Z:\PROJECTS\ASMPROJECTS\13_4\13_4.ASM 17 : Found opcode in column 1. (call)
Warning[203] Z:\PROJECTS\ASMPROJECTS\13_4\13_4.ASM 18 : Found opcode in column 1. (movlw)
Warning[203] Z:\PROJECTS\ASMPROJECTS\13_4\13_4.ASM 19 : Found opcode in column 1. (movwf)
Warning[207] Z:\PROJECTS\ASMPROJECTS\13_4\13_4.ASM 26 : Found label after column 1. (next1)
Warning[207] Z:\PROJECTS\ASMPROJECTS\13_4\13_4.ASM 32 : Found label after column 1. (next2)
Warning[203] Z:\PROJECTS\ASMPROJECTS\13_4\13_4.ASM 40 : Found opcode in column 1. (call)
Warning[203] Z:\PROJECTS\ASMPROJECTS\13_4\13_4.ASM 41 : Found opcode in column 1. (movlw)
Warning[203] Z:\PROJECTS\ASMPROJECTS\13_4\13_4.ASM 42 : Found opcode in column 1. (movwf)
Warning[207] Z:\PROJECTS\ASMPROJECTS\13_4\13_4.ASM 49 : Found label after column 1. (next4)
Warning[207] Z:\PROJECTS\ASMPROJECTS\13_4\13_4.ASM 55 : Found label after column 1. (next5)
Warning[203] Z:\PROJECTS\ASMPROJECTS\13_4\13_4.ASM 63 : Found opcode in column 1. (call)
Warning[203] Z:\PROJECTS\ASMPROJECTS\13_4\13_4.ASM 64 : Found opcode in column 1. (movlw)
Warning[203] Z:\PROJECTS\ASMPROJECTS\13_4\13_4.ASM 65 : Found opcode in column 1. (movwf)
Warning[207] Z:\PROJECTS\ASMPROJECTS\13_4\13_4.ASM 72 : Found label after column 1. (next7)
Warning[207] Z:\PROJECTS\ASMPROJECTS\13_4\13_4.ASM 78 : Found label after column 1. (next8)
Warning[203] Z:\PROJECTS\ASMPROJECTS\13_4\13_4.ASM 86 : Found opcode in column 1. (call)
Warning[203] Z:\PROJECTS\ASMPROJECTS\13_4\13_4.ASM 87 : Found opcode in column 1. (movlw)
Warning[203] Z:\PROJECTS\ASMPROJECTS\13_4\13_4.ASM 88 : Found opcode in column 1. (movwf)
Warning[203] Z:\PROJECTS\ASMPROJECTS\13_4\13_4.ASM 94 : Found opcode in column 1. (goto)
Warning[203] Z:\PROJECTS\ASMPROJECTS\13_4\13_4.ASM 97 : Found opcode in column 1. (call)
Warning[203] Z:\PROJECTS\ASMPROJECTS\13_4\13_4.ASM 98 : Found opcode in column 1. (movwf)
Warning[203] Z:\PROJECTS\ASMPROJECTS\13_4\13_4.ASM 99 : Found opcode in column 1. (return)
Warning[203] Z:\PROJECTS\ASMPROJECTS\13_4\13_4.ASM 102 : Found opcode in column 1. (addwf)
Message[305] Z:\PROJECTS\ASMPROJECTS\13_4\13_4.ASM 102 : Using default destination of 1 (file).
Warning[203] Z:\PROJECTS\ASMPROJECTS\13_4\13_4.ASM 103 : Found opcode in column 1. (retlw)
Warning[203] Z:\PROJECTS\ASMPROJECTS\13_4\13_4.ASM 104 : Found opcode in column 1. (retlw)
Warning[203] Z:\PROJECTS\ASMPROJECTS\13_4\13_4.ASM 105 : Found opcode in column 1. (retlw)
Warning[203] Z:\PROJECTS\ASMPROJECTS\13_4\13_4.ASM 106 : Found opcode in column 1. (retlw)
Warning[203] Z:\PROJECTS\ASMPROJECTS\13_4\13_4.ASM 107 : Found opcode in column 1. (retlw)
Warning[203] Z:\PROJECTS\ASMPROJECTS\13_4\13_4.ASM 108 : Found opcode in column 1. (retlw)
Warning[203] Z:\PROJECTS\ASMPROJECTS\13_4\13_4.ASM 109 : Found opcode in column 1. (retlw)
Warning[203] Z:\PROJECTS\ASMPROJECTS\13_4\13_4.ASM 110 : Found opcode in column 1. (retlw)
Warning[203] Z:\PROJECTS\ASMPROJECTS\13_4\13_4.ASM 111 : Found opcode in column 1. (retlw)
Warning[203] Z:\PROJECTS\ASMPROJECTS\13_4\13_4.ASM 112 : Found opcode in column 1. (retlw)
Warning[203] Z:\PROJECTS\ASMPROJECTS\13_4\13_4.ASM 113 : Found opcode in column 1. (return)
Warning[203] Z:\PROJECTS\ASMPROJECTS\13_4\13_4.ASM 117 : Found opcode in column 1. (movlw)
Warning[203] Z:\PROJECTS\ASMPROJECTS\13_4\13_4.ASM 118 : Found opcode in column 1. (movwf)
Warning[203] Z:\PROJECTS\ASMPROJECTS\13_4\13_4.ASM 120 : Found opcode in column 1. (movlw)
Warning[203] Z:\PROJECTS\ASMPROJECTS\13_4\13_4.ASM 121 : Found opcode in column 1. (movwf)
Warning[203] Z:\PROJECTS\ASMPROJECTS\13_4\13_4.ASM 122 : Found opcode in column 1. (movlw)
Warning[203] Z:\PROJECTS\ASMPROJECTS\13_4\13_4.ASM 123 : Found opcode in column 1. (bsf)
Warning[203] Z:\PROJECTS\ASMPROJECTS\13_4\13_4.ASM 124 : Found opcode in column 1. (movwf)
Message[302] Z:\PROJECTS\ASMPROJECTS\13_4\13_4.ASM 124 : Register in operand not in bank 0.  Ensure that bank bits are correct.
Warning[203] Z:\PROJECTS\ASMPROJECTS\13_4\13_4.ASM 126 : Found opcode in column 1. (btfss)
Warning[203] Z:\PROJECTS\ASMPROJECTS\13_4\13_4.ASM 127 : Found opcode in column 1. (goto)
Warning[203] Z:\PROJECTS\ASMPROJECTS\13_4\13_4.ASM 128 : Found opcode in column 1. (bcf)
Warning[203] Z:\PROJECTS\ASMPROJECTS\13_4\13_4.ASM 129 : Found opcode in column 1. (bcf)
Warning[203] Z:\PROJECTS\ASMPROJECTS\13_4\13_4.ASM 130 : Found opcode in column 1. (decfsz)
Message[305] Z:\PROJECTS\ASMPROJECTS\13_4\13_4.ASM 130 : Using default destination of 1 (file).
Warning[203] Z:\PROJECTS\ASMPROJECTS\13_4\13_4.ASM 131 : Found opcode in column 1. (goto)
Warning[203] Z:\PROJECTS\ASMPROJECTS\13_4\13_4.ASM 132 : Found opcode in column 1. (return)
Warning[205] Z:\PROJECTS\ASMPROJECTS\13_4\13_4.ASM 134 : Found directive in column 1. (end)
