Warning[205] C:\ASMPROJECTS\13_1\13_1.ASM 1 : Found directive in column 1. (include)
Message[301] C:\PROGRAM FILES (X86)\MICROCHIP\MPASM SUITE\P16F84A.INC 33 : MESSAGE: (Processor-header file mismatch.  Verify selected processor.)
Warning[203] C:\ASMPROJECTS\13_1\13_1.ASM 3 : Found opcode in column 1. (bsf)
Warning[203] C:\ASMPROJECTS\13_1\13_1.ASM 4 : Found opcode in column 1. (movlw)
Warning[203] C:\ASMPROJECTS\13_1\13_1.ASM 5 : Found opcode in column 1. (movwf)
Message[302] C:\ASMPROJECTS\13_1\13_1.ASM 5 : Register in operand not in bank 0.  Ensure that bank bits are correct.
Warning[203] C:\ASMPROJECTS\13_1\13_1.ASM 6 : Found opcode in column 1. (movlw)
Warning[203] C:\ASMPROJECTS\13_1\13_1.ASM 7 : Found opcode in column 1. (movwf)
Message[302] C:\ASMPROJECTS\13_1\13_1.ASM 7 : Register in operand not in bank 0.  Ensure that bank bits are correct.
Warning[203] C:\ASMPROJECTS\13_1\13_1.ASM 8 : Found opcode in column 1. (bcf)
Warning[203] C:\ASMPROJECTS\13_1\13_1.ASM 11 : Found opcode in column 1. (movlw)
Warning[203] C:\ASMPROJECTS\13_1\13_1.ASM 12 : Found opcode in column 1. (movwf)
Warning[203] C:\ASMPROJECTS\13_1\13_1.ASM 13 : Found opcode in column 1. (movlw)
Warning[203] C:\ASMPROJECTS\13_1\13_1.ASM 14 : Found opcode in column 1. (call)
Warning[203] C:\ASMPROJECTS\13_1\13_1.ASM 15 : Found opcode in column 1. (movwf)
Warning[203] C:\ASMPROJECTS\13_1\13_1.ASM 17 : Found opcode in column 1. (call)
Warning[203] C:\ASMPROJECTS\13_1\13_1.ASM 19 : Found opcode in column 1. (movlw)
Warning[203] C:\ASMPROJECTS\13_1\13_1.ASM 20 : Found opcode in column 1. (movwf)
Warning[203] C:\ASMPROJECTS\13_1\13_1.ASM 21 : Found opcode in column 1. (movlw)
Warning[203] C:\ASMPROJECTS\13_1\13_1.ASM 22 : Found opcode in column 1. (call)
Warning[203] C:\ASMPROJECTS\13_1\13_1.ASM 23 : Found opcode in column 1. (movwf)
Warning[203] C:\ASMPROJECTS\13_1\13_1.ASM 25 : Found opcode in column 1. (call)
Warning[203] C:\ASMPROJECTS\13_1\13_1.ASM 27 : Found opcode in column 1. (movlw)
Warning[203] C:\ASMPROJECTS\13_1\13_1.ASM 28 : Found opcode in column 1. (movwf)
Warning[203] C:\ASMPROJECTS\13_1\13_1.ASM 29 : Found opcode in column 1. (movlw)
Warning[203] C:\ASMPROJECTS\13_1\13_1.ASM 30 : Found opcode in column 1. (call)
Warning[203] C:\ASMPROJECTS\13_1\13_1.ASM 31 : Found opcode in column 1. (movwf)
Warning[203] C:\ASMPROJECTS\13_1\13_1.ASM 33 : Found opcode in column 1. (call)
Warning[203] C:\ASMPROJECTS\13_1\13_1.ASM 35 : Found opcode in column 1. (movlw)
Warning[203] C:\ASMPROJECTS\13_1\13_1.ASM 36 : Found opcode in column 1. (movwf)
Warning[203] C:\ASMPROJECTS\13_1\13_1.ASM 37 : Found opcode in column 1. (movlw)
Warning[203] C:\ASMPROJECTS\13_1\13_1.ASM 38 : Found opcode in column 1. (call)
Warning[203] C:\ASMPROJECTS\13_1\13_1.ASM 39 : Found opcode in column 1. (movwf)
Warning[203] C:\ASMPROJECTS\13_1\13_1.ASM 41 : Found opcode in column 1. (call)
Warning[203] C:\ASMPROJECTS\13_1\13_1.ASM 43 : Found opcode in column 1. (goto)
Warning[203] C:\ASMPROJECTS\13_1\13_1.ASM 47 : Found opcode in column 1. (addwf)
Message[305] C:\ASMPROJECTS\13_1\13_1.ASM 47 : Using default destination of 1 (file).
Warning[203] C:\ASMPROJECTS\13_1\13_1.ASM 48 : Found opcode in column 1. (retlw)
Warning[203] C:\ASMPROJECTS\13_1\13_1.ASM 49 : Found opcode in column 1. (retlw)
Warning[203] C:\ASMPROJECTS\13_1\13_1.ASM 50 : Found opcode in column 1. (retlw)
Warning[203] C:\ASMPROJECTS\13_1\13_1.ASM 51 : Found opcode in column 1. (retlw)
Warning[203] C:\ASMPROJECTS\13_1\13_1.ASM 54 : Found opcode in column 1. (movlw)
Warning[203] C:\ASMPROJECTS\13_1\13_1.ASM 55 : Found opcode in column 1. (movwf)
Warning[203] C:\ASMPROJECTS\13_1\13_1.ASM 56 : Found opcode in column 1. (movlw)
Warning[203] C:\ASMPROJECTS\13_1\13_1.ASM 57 : Found opcode in column 1. (bsf)
Warning[203] C:\ASMPROJECTS\13_1\13_1.ASM 58 : Found opcode in column 1. (movwf)
Message[302] C:\ASMPROJECTS\13_1\13_1.ASM 58 : Register in operand not in bank 0.  Ensure that bank bits are correct.
Warning[203] C:\ASMPROJECTS\13_1\13_1.ASM 60 : Found opcode in column 1. (btfss)
Warning[203] C:\ASMPROJECTS\13_1\13_1.ASM 61 : Found opcode in column 1. (goto)
Warning[203] C:\ASMPROJECTS\13_1\13_1.ASM 62 : Found opcode in column 1. (bcf)
Warning[203] C:\ASMPROJECTS\13_1\13_1.ASM 63 : Found opcode in column 1. (bcf)
Warning[203] C:\ASMPROJECTS\13_1\13_1.ASM 64 : Found opcode in column 1. (return)
Warning[205] C:\ASMPROJECTS\13_1\13_1.ASM 66 : Found directive in column 1. (end)
