Warning[205] Z:\PROJECTS\ASMPROJECTS\13_5\13_5.ASM 1 : Found directive in column 1. (include)
Warning[203] Z:\PROJECTS\ASMPROJECTS\13_5\13_5.ASM 6 : Found opcode in column 1. (bsf)
Warning[203] Z:\PROJECTS\ASMPROJECTS\13_5\13_5.ASM 7 : Found opcode in column 1. (movlw)
Warning[203] Z:\PROJECTS\ASMPROJECTS\13_5\13_5.ASM 8 : Found opcode in column 1. (movwf)
Message[302] Z:\PROJECTS\ASMPROJECTS\13_5\13_5.ASM 8 : Register in operand not in bank 0.  Ensure that bank bits are correct.
Warning[203] Z:\PROJECTS\ASMPROJECTS\13_5\13_5.ASM 9 : Found opcode in column 1. (movlw)
Warning[203] Z:\PROJECTS\ASMPROJECTS\13_5\13_5.ASM 10 : Found opcode in column 1. (movwf)
Message[302] Z:\PROJECTS\ASMPROJECTS\13_5\13_5.ASM 10 : Register in operand not in bank 0.  Ensure that bank bits are correct.
Warning[203] Z:\PROJECTS\ASMPROJECTS\13_5\13_5.ASM 11 : Found opcode in column 1. (bcf)
Warning[203] Z:\PROJECTS\ASMPROJECTS\13_5\13_5.ASM 14 : Found opcode in column 1. (movlw)
Warning[203] Z:\PROJECTS\ASMPROJECTS\13_5\13_5.ASM 15 : Found opcode in column 1. (call)
Warning[203] Z:\PROJECTS\ASMPROJECTS\13_5\13_5.ASM 16 : Found opcode in column 1. (bcf)
Warning[203] Z:\PROJECTS\ASMPROJECTS\13_5\13_5.ASM 19 : Found opcode in column 1. (movlw)
Warning[203] Z:\PROJECTS\ASMPROJECTS\13_5\13_5.ASM 20 : Found opcode in column 1. (movwf)
Warning[207] Z:\PROJECTS\ASMPROJECTS\13_5\13_5.ASM 24 : Found label after column 1. (check2)
Warning[207] Z:\PROJECTS\ASMPROJECTS\13_5\13_5.ASM 27 : Found label after column 1. (check3)
Warning[207] Z:\PROJECTS\ASMPROJECTS\13_5\13_5.ASM 30 : Found label after column 1. (open)
Warning[203] Z:\PROJECTS\ASMPROJECTS\13_5\13_5.ASM 35 : Found opcode in column 1. (goto)
Warning[203] Z:\PROJECTS\ASMPROJECTS\13_5\13_5.ASM 38 : Found opcode in column 1. (call)
Warning[203] Z:\PROJECTS\ASMPROJECTS\13_5\13_5.ASM 39 : Found opcode in column 1. (movwf)
Warning[203] Z:\PROJECTS\ASMPROJECTS\13_5\13_5.ASM 40 : Found opcode in column 1. (return)
Warning[203] Z:\PROJECTS\ASMPROJECTS\13_5\13_5.ASM 43 : Found opcode in column 1. (addwf)
Message[305] Z:\PROJECTS\ASMPROJECTS\13_5\13_5.ASM 43 : Using default destination of 1 (file).
Warning[203] Z:\PROJECTS\ASMPROJECTS\13_5\13_5.ASM 44 : Found opcode in column 1. (retlw)
Warning[203] Z:\PROJECTS\ASMPROJECTS\13_5\13_5.ASM 45 : Found opcode in column 1. (retlw)
Warning[203] Z:\PROJECTS\ASMPROJECTS\13_5\13_5.ASM 46 : Found opcode in column 1. (return)
Warning[203] Z:\PROJECTS\ASMPROJECTS\13_5\13_5.ASM 50 : Found opcode in column 1. (movlw)
Warning[203] Z:\PROJECTS\ASMPROJECTS\13_5\13_5.ASM 51 : Found opcode in column 1. (movwf)
Warning[203] Z:\PROJECTS\ASMPROJECTS\13_5\13_5.ASM 53 : Found opcode in column 1. (movlw)
Warning[203] Z:\PROJECTS\ASMPROJECTS\13_5\13_5.ASM 54 : Found opcode in column 1. (movwf)
Warning[203] Z:\PROJECTS\ASMPROJECTS\13_5\13_5.ASM 55 : Found opcode in column 1. (movlw)
Warning[203] Z:\PROJECTS\ASMPROJECTS\13_5\13_5.ASM 56 : Found opcode in column 1. (bsf)
Warning[203] Z:\PROJECTS\ASMPROJECTS\13_5\13_5.ASM 57 : Found opcode in column 1. (movwf)
Message[302] Z:\PROJECTS\ASMPROJECTS\13_5\13_5.ASM 57 : Register in operand not in bank 0.  Ensure that bank bits are correct.
Warning[203] Z:\PROJECTS\ASMPROJECTS\13_5\13_5.ASM 59 : Found opcode in column 1. (btfss)
Warning[203] Z:\PROJECTS\ASMPROJECTS\13_5\13_5.ASM 60 : Found opcode in column 1. (goto)
Warning[203] Z:\PROJECTS\ASMPROJECTS\13_5\13_5.ASM 61 : Found opcode in column 1. (bcf)
Warning[203] Z:\PROJECTS\ASMPROJECTS\13_5\13_5.ASM 62 : Found opcode in column 1. (bcf)
Warning[203] Z:\PROJECTS\ASMPROJECTS\13_5\13_5.ASM 63 : Found opcode in column 1. (decfsz)
Message[305] Z:\PROJECTS\ASMPROJECTS\13_5\13_5.ASM 63 : Using default destination of 1 (file).
Warning[203] Z:\PROJECTS\ASMPROJECTS\13_5\13_5.ASM 64 : Found opcode in column 1. (goto)
Warning[203] Z:\PROJECTS\ASMPROJECTS\13_5\13_5.ASM 65 : Found opcode in column 1. (return)
Warning[205] Z:\PROJECTS\ASMPROJECTS\13_5\13_5.ASM 67 : Found directive in column 1. (end)
