Warning[205] Z:\PROJECTS\ASMPROJECTS\13_3\13_3.ASM 1 : Found directive in column 1. (include)
Warning[203] Z:\PROJECTS\ASMPROJECTS\13_3\13_3.ASM 3 : Found opcode in column 1. (bsf)
Warning[203] Z:\PROJECTS\ASMPROJECTS\13_3\13_3.ASM 4 : Found opcode in column 1. (movlw)
Warning[203] Z:\PROJECTS\ASMPROJECTS\13_3\13_3.ASM 5 : Found opcode in column 1. (movwf)
Message[302] Z:\PROJECTS\ASMPROJECTS\13_3\13_3.ASM 5 : Register in operand not in bank 0.  Ensure that bank bits are correct.
Warning[203] Z:\PROJECTS\ASMPROJECTS\13_3\13_3.ASM 6 : Found opcode in column 1. (movlw)
Warning[203] Z:\PROJECTS\ASMPROJECTS\13_3\13_3.ASM 7 : Found opcode in column 1. (movwf)
Message[302] Z:\PROJECTS\ASMPROJECTS\13_3\13_3.ASM 7 : Register in operand not in bank 0.  Ensure that bank bits are correct.
Warning[203] Z:\PROJECTS\ASMPROJECTS\13_3\13_3.ASM 8 : Found opcode in column 1. (bcf)
Warning[203] Z:\PROJECTS\ASMPROJECTS\13_3\13_3.ASM 10 : Found opcode in column 1. (movlw)
Warning[203] Z:\PROJECTS\ASMPROJECTS\13_3\13_3.ASM 11 : Found opcode in column 1. (movwf)
Warning[203] Z:\PROJECTS\ASMPROJECTS\13_3\13_3.ASM 18 : Found opcode in column 1. (goto)
Warning[203] Z:\PROJECTS\ASMPROJECTS\13_3\13_3.ASM 21 : Found opcode in column 1. (movf)
Warning[203] Z:\PROJECTS\ASMPROJECTS\13_3\13_3.ASM 22 : Found opcode in column 1. (movwf)
Warning[203] Z:\PROJECTS\ASMPROJECTS\13_3\13_3.ASM 23 : Found opcode in column 1. (movlw)
Warning[203] Z:\PROJECTS\ASMPROJECTS\13_3\13_3.ASM 24 : Found opcode in column 1. (subwf)
Message[305] Z:\PROJECTS\ASMPROJECTS\13_3\13_3.ASM 24 : Using default destination of 1 (file).
Warning[203] Z:\PROJECTS\ASMPROJECTS\13_3\13_3.ASM 25 : Found opcode in column 1. (btfsc)
Message[305] Z:\PROJECTS\ASMPROJECTS\13_3\13_3.ASM 27 : Using default destination of 1 (file).
Warning[203] Z:\PROJECTS\ASMPROJECTS\13_3\13_3.ASM 28 : Found opcode in column 1. (call)
Warning[203] Z:\PROJECTS\ASMPROJECTS\13_3\13_3.ASM 29 : Found opcode in column 1. (goto)
Warning[203] Z:\PROJECTS\ASMPROJECTS\13_3\13_3.ASM 32 : Found opcode in column 1. (movf)
Warning[203] Z:\PROJECTS\ASMPROJECTS\13_3\13_3.ASM 33 : Found opcode in column 1. (movwf)
Warning[203] Z:\PROJECTS\ASMPROJECTS\13_3\13_3.ASM 34 : Found opcode in column 1. (movlw)
Warning[203] Z:\PROJECTS\ASMPROJECTS\13_3\13_3.ASM 35 : Found opcode in column 1. (subwf)
Message[305] Z:\PROJECTS\ASMPROJECTS\13_3\13_3.ASM 35 : Using default destination of 1 (file).
Warning[203] Z:\PROJECTS\ASMPROJECTS\13_3\13_3.ASM 36 : Found opcode in column 1. (btfsc)
Message[305] Z:\PROJECTS\ASMPROJECTS\13_3\13_3.ASM 38 : Using default destination of 1 (file).
Warning[203] Z:\PROJECTS\ASMPROJECTS\13_3\13_3.ASM 39 : Found opcode in column 1. (call)
Warning[203] Z:\PROJECTS\ASMPROJECTS\13_3\13_3.ASM 40 : Found opcode in column 1. (goto)
Warning[203] Z:\PROJECTS\ASMPROJECTS\13_3\13_3.ASM 43 : Found opcode in column 1. (movlw)
Warning[203] Z:\PROJECTS\ASMPROJECTS\13_3\13_3.ASM 44 : Found opcode in column 1. (movwf)
Warning[203] Z:\PROJECTS\ASMPROJECTS\13_3\13_3.ASM 46 : Found opcode in column 1. (movlw)
Warning[203] Z:\PROJECTS\ASMPROJECTS\13_3\13_3.ASM 47 : Found opcode in column 1. (movwf)
Warning[203] Z:\PROJECTS\ASMPROJECTS\13_3\13_3.ASM 48 : Found opcode in column 1. (movlw)
Warning[203] Z:\PROJECTS\ASMPROJECTS\13_3\13_3.ASM 49 : Found opcode in column 1. (bsf)
Warning[203] Z:\PROJECTS\ASMPROJECTS\13_3\13_3.ASM 50 : Found opcode in column 1. (movwf)
Message[302] Z:\PROJECTS\ASMPROJECTS\13_3\13_3.ASM 50 : Register in operand not in bank 0.  Ensure that bank bits are correct.
Warning[203] Z:\PROJECTS\ASMPROJECTS\13_3\13_3.ASM 52 : Found opcode in column 1. (btfss)
Warning[203] Z:\PROJECTS\ASMPROJECTS\13_3\13_3.ASM 53 : Found opcode in column 1. (goto)
Warning[203] Z:\PROJECTS\ASMPROJECTS\13_3\13_3.ASM 54 : Found opcode in column 1. (bcf)
Warning[203] Z:\PROJECTS\ASMPROJECTS\13_3\13_3.ASM 55 : Found opcode in column 1. (bcf)
Warning[203] Z:\PROJECTS\ASMPROJECTS\13_3\13_3.ASM 56 : Found opcode in column 1. (decfsz)
Message[305] Z:\PROJECTS\ASMPROJECTS\13_3\13_3.ASM 56 : Using default destination of 1 (file).
Warning[203] Z:\PROJECTS\ASMPROJECTS\13_3\13_3.ASM 57 : Found opcode in column 1. (goto)
Warning[203] Z:\PROJECTS\ASMPROJECTS\13_3\13_3.ASM 58 : Found opcode in column 1. (return)
Warning[205] Z:\PROJECTS\ASMPROJECTS\13_3\13_3.ASM 60 : Found directive in column 1. (end)
